<?xml version="1.0" encoding="UTF-8"?>
<testng-results skipped="0" failed="0" total="0" passed="0">
  <reporter-output>
  </reporter-output>
  <suite name="stepdefinitions.RunTest" duration-ms="0" started-at="2018-06-29T22:39:35Z" finished-at="2018-06-29T22:39:35Z">
    <groups>
    </groups>
    <test name="Command line test" duration-ms="0" started-at="2018-06-29T22:39:35Z" finished-at="2018-06-29T22:39:35Z">
    </test> <!-- Command line test -->
  </suite> <!-- stepdefinitions.RunTest -->
</testng-results>
